<?xml version="1.0" encoding="UTF-8"?>
<!-- Generated by org.testng.reporters.JUnitReportReporter -->
<testsuite hostname="DESKTOP-JP71GCP" failures="0" tests="1" name="cucumberOptions.TestNGTestRunner" time="11.677" errors="0" timestamp="2022-11-29T22:33:27 IST" skipped="0">
  <testcase classname="cucumberOptions.TestNGTestRunner" name="runScenario" time="11.677"/>
  <system-out/>
</testsuite> <!-- cucumberOptions.TestNGTestRunner -->
