<?xml version="1.0" encoding="UTF-8"?>
<!-- Generated by org.testng.reporters.JUnitReportReporter -->
<testsuite hostname="DESKTOP-JP71GCP" failures="0" tests="1" name="cucumberOptions.TestNGTestRunner" time="19.085" errors="0" timestamp="2022-12-08T17:28:05 IST" skipped="0">
  <testcase classname="cucumberOptions.TestNGTestRunner" name="runScenario" time="19.085"/>
  <system-out/>
</testsuite> <!-- cucumberOptions.TestNGTestRunner -->
