<?xml version="1.0" encoding="UTF-8"?>
<!-- Generated by org.testng.reporters.JUnitReportReporter -->
<testsuite hostname="DESKTOP-JP71GCP" failures="0" tests="1" name="cucumberOptions.TestNGTestRunner" time="13.299" errors="0" timestamp="2022-11-28T21:58:15 IST" skipped="0">
  <testcase classname="cucumberOptions.TestNGTestRunner" name="runScenario" time="13.299"/>
  <system-out/>
</testsuite> <!-- cucumberOptions.TestNGTestRunner -->
