<?xml version="1.0" encoding="UTF-8"?>
<!-- Generated by org.testng.reporters.JUnitReportReporter -->
<testsuite hostname="DESKTOP-JP71GCP" failures="0" tests="1" name="cucumberOptions.FailedTestRunner" time="9.929" errors="0" timestamp="2022-11-26T20:25:05 IST" skipped="0">
  <testcase classname="cucumberOptions.FailedTestRunner" name="runScenario" time="9.929"/>
  <system-out/>
</testsuite> <!-- cucumberOptions.FailedTestRunner -->
